<?xml version="1.0" encoding="UTF-8"?>
<!-- Generated by org.testng.reporters.JUnitXMLReporter -->
<testsuite hostname="Samarpans-MacBook-Air.local" ignored="0" name="Login Test" tests="1" failures="1" timestamp="2022-06-02T14:19:09 EDT" time="0.825" errors="0">
  <testcase name="login2" time="0.021" classname="extentreports_Betterway.LoginTest2">
    <failure type="java.lang.AssertionError" message="Server 500 error">
      <![CDATA[java.lang.AssertionError: Server 500 error
at extentreports_Betterway.LoginTest2.login2(LoginTest2.java:39)
at java.util.ArrayList.forEach(ArrayList.java:1259)
... Removed 28 stack frames]]>
    </failure>
  </testcase> <!-- login2 -->
</testsuite> <!-- Login Test -->
