<?xml version="1.0" encoding="UTF-8"?>
<!-- Generated by org.testng.reporters.JUnitXMLReporter -->
<testsuite hostname="Samarpans-MacBook-Air.local" ignored="4" name="Test" tests="1" failures="0" timestamp="2022-05-26T22:23:32 EDT" time="0.068" errors="0">
  <testcase name="tc1" time="0.009" classname="testNG_Understanding.Groups_Concepts"/>
  <testcase name="tc2" time="0.0" classname="testNG_Understanding.Groups_Concepts">
    <ignored/>
  </testcase> <!-- tc2 -->
  <testcase name="tc3" time="0.0" classname="testNG_Understanding.Groups_Concepts">
    <ignored/>
  </testcase> <!-- tc3 -->
  <testcase name="tc4" time="0.0" classname="testNG_Understanding.Groups_Concepts">
    <ignored/>
  </testcase> <!-- tc4 -->
  <testcase name="tc5" time="0.0" classname="testNG_Understanding.Groups_Concepts">
    <ignored/>
  </testcase> <!-- tc5 -->
</testsuite> <!-- Test -->
